2025-03-10 13:01:56 - models.observer - INFO - Starting change check...
2025-03-10 13:01:57 - models.observer - ERROR - Error while checking changes on page https://python.org: Redirect response '301 Moved Permanently' for url 'https://python.org'
Redirect location: 'https://www.python.org/'
For more information check: https://developer.mozilla.org/en-US/docs/Web/HTTP/Status/301
2025-03-10 13:01:59 - models.observer - ERROR - Error while checking changes on page https://news.ycombinator.com/newest: list index out of range
2025-03-10 13:01:59 - models.observer - ERROR - Error while checking changes on page https://reddit.com: Redirect response '301 Moved Permanently' for url 'https://reddit.com'
Redirect location: 'https://www.reddit.com/'
For more information check: https://developer.mozilla.org/en-US/docs/Web/HTTP/Status/301
2025-03-10 13:02:04 - models.observer - ERROR - Error while checking changes on page https://www.bbc.com/news/world/europe: 
2025-03-10 13:02:04 - models.observer - INFO - Change detected on page https://www.fontanka.ru/: old value 'Путин поручил обеспечить всех участников СВО правом на статус ветерана. Какие еще поручения дал президент', new value 'Такси влетело в людей, 11 пострадавших: что известно о ДТП в Казани'
2025-03-10 13:02:04 - models.observer - INFO - New news entry created for page https://www.fontanka.ru/
2025-03-10 13:02:04 - models.observer - INFO - Change check completed.
2025-03-10 13:06:56 - models.observer - INFO - Starting change check...
2025-03-10 13:06:57 - models.observer - ERROR - Error while checking changes on page https://python.org: Redirect response '301 Moved Permanently' for url 'https://python.org'
Redirect location: 'https://www.python.org/'
For more information check: https://developer.mozilla.org/en-US/docs/Web/HTTP/Status/301
2025-03-10 13:06:59 - models.observer - ERROR - Error while checking changes on page https://news.ycombinator.com/newest: list index out of range
2025-03-10 13:06:59 - models.observer - ERROR - Error while checking changes on page https://reddit.com: Redirect response '301 Moved Permanently' for url 'https://reddit.com'
Redirect location: 'https://www.reddit.com/'
For more information check: https://developer.mozilla.org/en-US/docs/Web/HTTP/Status/301
2025-03-10 13:07:04 - models.observer - ERROR - Error while checking changes on page https://www.bbc.com/news/world/europe: 
2025-03-10 13:07:04 - models.observer - INFO - Change check completed.
2025-03-10 13:11:56 - models.observer - INFO - Starting change check...
2025-03-10 13:11:57 - models.observer - ERROR - Error while checking changes on page https://python.org: Redirect response '301 Moved Permanently' for url 'https://python.org'
Redirect location: 'https://www.python.org/'
For more information check: https://developer.mozilla.org/en-US/docs/Web/HTTP/Status/301
2025-03-10 13:11:59 - models.observer - ERROR - Error while checking changes on page https://news.ycombinator.com/newest: list index out of range
2025-03-10 13:11:59 - models.observer - ERROR - Error while checking changes on page https://reddit.com: Redirect response '301 Moved Permanently' for url 'https://reddit.com'
Redirect location: 'https://www.reddit.com/'
For more information check: https://developer.mozilla.org/en-US/docs/Web/HTTP/Status/301
2025-03-10 13:12:04 - models.observer - ERROR - Error while checking changes on page https://www.bbc.com/news/world/europe: 
2025-03-10 13:12:04 - models.observer - INFO - Change check completed.
2025-03-10 13:20:46 - models.observer - INFO - Starting change check...
2025-03-10 13:20:47 - models.observer - ERROR - Error while checking changes on page https://python.org: Redirect response '301 Moved Permanently' for url 'https://python.org'
Redirect location: 'https://www.python.org/'
For more information check: https://developer.mozilla.org/en-US/docs/Web/HTTP/Status/301
2025-03-10 13:20:48 - models.observer - ERROR - Error while checking changes on page https://news.ycombinator.com/newest: list index out of range
2025-03-10 13:20:49 - models.observer - ERROR - Error while checking changes on page https://reddit.com: Redirect response '301 Moved Permanently' for url 'https://reddit.com'
Redirect location: 'https://www.reddit.com/'
For more information check: https://developer.mozilla.org/en-US/docs/Web/HTTP/Status/301
2025-03-10 13:20:54 - models.observer - ERROR - Error while checking changes on page https://www.bbc.com/news/world/europe: 
2025-03-10 13:20:54 - models.observer - INFO - Change check completed.
2025-03-10 13:30:30 - models.observer - INFO - Starting change check...
2025-03-10 13:30:31 - models.observer - ERROR - Error while checking changes on page https://python.org: Redirect response '301 Moved Permanently' for url 'https://python.org'
Redirect location: 'https://www.python.org/'
For more information check: https://developer.mozilla.org/en-US/docs/Web/HTTP/Status/301
2025-03-10 13:30:32 - models.observer - ERROR - Error while checking changes on page https://news.ycombinator.com/newest: list index out of range
2025-03-10 13:30:32 - models.observer - ERROR - Error while checking changes on page https://reddit.com: Redirect response '301 Moved Permanently' for url 'https://reddit.com'
Redirect location: 'https://www.reddit.com/'
For more information check: https://developer.mozilla.org/en-US/docs/Web/HTTP/Status/301
2025-03-10 13:30:37 - models.observer - ERROR - Error while checking changes on page https://www.bbc.com/news/world/europe: 
2025-03-10 13:30:38 - models.observer - INFO - Change check completed.
2025-03-10 13:53:25 - models.observer - INFO - Starting change check...
2025-03-10 13:53:26 - models.observer - ERROR - Error while checking changes on page https://python.org: Redirect response '301 Moved Permanently' for url 'https://python.org'
Redirect location: 'https://www.python.org/'
For more information check: https://developer.mozilla.org/en-US/docs/Web/HTTP/Status/301
2025-03-10 13:53:28 - models.observer - ERROR - Error while checking changes on page https://news.ycombinator.com/newest: list index out of range
2025-03-10 13:53:28 - models.observer - ERROR - Error while checking changes on page https://reddit.com: Redirect response '301 Moved Permanently' for url 'https://reddit.com'
Redirect location: 'https://www.reddit.com/'
For more information check: https://developer.mozilla.org/en-US/docs/Web/HTTP/Status/301
2025-03-10 13:53:33 - models.observer - ERROR - Error while checking changes on page https://www.bbc.com/news/world/europe: 
2025-03-10 13:53:34 - models.observer - INFO - Change detected on page https://www.fontanka.ru/: old value 'Такси влетело в людей, 11 пострадавших: что известно о ДТП в Казани', new value 'Суд решил судьбу Саши Митрошиной на ближайшее время'
2025-03-10 13:53:34 - models.observer - INFO - New news entry created for page https://www.fontanka.ru/
2025-03-10 13:53:34 - models.observer - INFO - Change check completed.
2025-03-10 14:04:52 - models.observer - INFO - Starting change check...
2025-03-10 14:04:53 - models.observer - ERROR - Error while checking changes on page https://python.org: Redirect response '301 Moved Permanently' for url 'https://python.org'
Redirect location: 'https://www.python.org/'
For more information check: https://developer.mozilla.org/en-US/docs/Web/HTTP/Status/301
2025-03-10 14:04:54 - models.observer - ERROR - Error while checking changes on page https://news.ycombinator.com/newest: list index out of range
2025-03-10 14:04:54 - models.observer - ERROR - Error while checking changes on page https://reddit.com: Redirect response '301 Moved Permanently' for url 'https://reddit.com'
Redirect location: 'https://www.reddit.com/'
For more information check: https://developer.mozilla.org/en-US/docs/Web/HTTP/Status/301
2025-03-10 14:04:59 - models.observer - ERROR - Error while checking changes on page https://www.bbc.com/news/world/europe: 
2025-03-10 14:04:59 - models.observer - INFO - Change check completed.
2025-03-10 14:09:52 - models.observer - INFO - Starting change check...
2025-03-10 14:09:52 - models.observer - ERROR - Error while checking changes on page https://python.org: Redirect response '301 Moved Permanently' for url 'https://python.org'
Redirect location: 'https://www.python.org/'
For more information check: https://developer.mozilla.org/en-US/docs/Web/HTTP/Status/301
2025-03-10 14:09:54 - models.observer - ERROR - Error while checking changes on page https://news.ycombinator.com/newest: list index out of range
2025-03-10 14:09:54 - models.observer - ERROR - Error while checking changes on page https://reddit.com: Redirect response '301 Moved Permanently' for url 'https://reddit.com'
Redirect location: 'https://www.reddit.com/'
For more information check: https://developer.mozilla.org/en-US/docs/Web/HTTP/Status/301
2025-03-10 14:09:59 - models.observer - ERROR - Error while checking changes on page https://www.bbc.com/news/world/europe: 
2025-03-10 14:09:59 - models.observer - INFO - Change check completed.
2025-03-10 14:14:52 - models.observer - INFO - Starting change check...
2025-03-10 14:14:52 - models.observer - ERROR - Error while checking changes on page https://python.org: Redirect response '301 Moved Permanently' for url 'https://python.org'
Redirect location: 'https://www.python.org/'
For more information check: https://developer.mozilla.org/en-US/docs/Web/HTTP/Status/301
2025-03-10 14:14:54 - models.observer - ERROR - Error while checking changes on page https://news.ycombinator.com/newest: list index out of range
2025-03-10 14:14:54 - models.observer - ERROR - Error while checking changes on page https://reddit.com: Redirect response '301 Moved Permanently' for url 'https://reddit.com'
Redirect location: 'https://www.reddit.com/'
For more information check: https://developer.mozilla.org/en-US/docs/Web/HTTP/Status/301
2025-03-10 14:14:59 - models.observer - ERROR - Error while checking changes on page https://www.bbc.com/news/world/europe: 
2025-03-10 14:14:59 - models.observer - INFO - Change check completed.
2025-03-10 14:22:49 - models.observer - INFO - Starting change check...
2025-03-10 14:22:50 - models.observer - ERROR - Error while checking changes on page https://python.org: Redirect response '301 Moved Permanently' for url 'https://python.org'
Redirect location: 'https://www.python.org/'
For more information check: https://developer.mozilla.org/en-US/docs/Web/HTTP/Status/301
2025-03-10 14:22:51 - models.observer - ERROR - Error while checking changes on page https://news.ycombinator.com/newest: list index out of range
2025-03-10 14:22:51 - models.observer - ERROR - Error while checking changes on page https://reddit.com: Redirect response '301 Moved Permanently' for url 'https://reddit.com'
Redirect location: 'https://www.reddit.com/'
For more information check: https://developer.mozilla.org/en-US/docs/Web/HTTP/Status/301
2025-03-10 14:22:56 - models.observer - ERROR - Error while checking changes on page https://www.bbc.com/news/world/europe: 
2025-03-10 14:22:57 - models.observer - INFO - Change check completed.
2025-03-10 14:58:00 - models.observer - INFO - Starting change check...
2025-03-10 14:58:01 - models.observer - ERROR - Error while checking changes on page https://python.org: Redirect response '301 Moved Permanently' for url 'https://python.org'
Redirect location: 'https://www.python.org/'
For more information check: https://developer.mozilla.org/en-US/docs/Web/HTTP/Status/301
2025-03-10 14:58:02 - models.observer - ERROR - Error while checking changes on page https://news.ycombinator.com/newest: list index out of range
2025-03-10 14:58:03 - models.observer - ERROR - Error while checking changes on page https://reddit.com: Redirect response '301 Moved Permanently' for url 'https://reddit.com'
Redirect location: 'https://www.reddit.com/'
For more information check: https://developer.mozilla.org/en-US/docs/Web/HTTP/Status/301
2025-03-10 14:58:08 - models.observer - ERROR - Error while checking changes on page https://www.bbc.com/news/world/europe: 
2025-03-10 14:58:08 - models.observer - INFO - Change detected on page https://www.fontanka.ru/: old value 'Суд решил судьбу Саши Митрошиной на ближайшее время', new value 'Ответственность за выгул приютских собак в Петербурге понесет тот, кто держит поводок. Контроль за отловом усилят'
2025-03-10 14:58:08 - models.observer - INFO - New news entry created for page https://www.fontanka.ru/
2025-03-10 14:58:09 - models.observer - INFO - Change detected on page https://lenta.ru/: old value 'None', new value '«Думаю, у нас будет хороший результат». Трамп высказался о предстоящих переговорах США и Украины в Саудовской Аравии'
2025-03-10 14:58:09 - models.observer - INFO - New news entry created for page https://lenta.ru/
2025-03-10 14:58:09 - models.observer - INFO - Change detected on page https://lenta.ru/: old value 'None', new value '«Думаю, у нас будет хороший результат». Трамп высказался о предстоящих переговорах США и Украины в Саудовской Аравии'
2025-03-10 14:58:09 - models.observer - INFO - New news entry created for page https://lenta.ru/
2025-03-10 14:58:09 - models.observer - INFO - Change detected on page https://lenta.ru/: old value 'None', new value '«Думаю, у нас будет хороший результат». Трамп высказался о предстоящих переговорах США и Украины в Саудовской Аравии'
2025-03-10 14:58:09 - models.observer - INFO - New news entry created for page https://lenta.ru/
2025-03-10 14:58:10 - models.observer - INFO - Change detected on page https://lenta.ru/: old value 'None', new value '«Думаю, у нас будет хороший результат». Трамп высказался о предстоящих переговорах США и Украины в Саудовской Аравии'
2025-03-10 14:58:10 - models.observer - INFO - New news entry created for page https://lenta.ru/
2025-03-10 14:58:10 - models.observer - INFO - Change detected on page https://lenta.ru/: old value 'None', new value '«Думаю, у нас будет хороший результат». Трамп высказался о предстоящих переговорах США и Украины в Саудовской Аравии'
2025-03-10 14:58:10 - models.observer - INFO - New news entry created for page https://lenta.ru/
2025-03-10 14:58:10 - models.observer - INFO - Change detected on page https://lenta.ru/: old value 'None', new value '«Думаю, у нас будет хороший результат». Трамп высказался о предстоящих переговорах США и Украины в Саудовской Аравии'
2025-03-10 14:58:10 - models.observer - INFO - New news entry created for page https://lenta.ru/
2025-03-10 14:58:10 - models.observer - INFO - Change check completed.
2025-03-10 15:03:00 - models.observer - INFO - Starting change check...
2025-03-10 15:03:01 - models.observer - ERROR - Error while checking changes on page https://python.org: Redirect response '301 Moved Permanently' for url 'https://python.org'
Redirect location: 'https://www.python.org/'
For more information check: https://developer.mozilla.org/en-US/docs/Web/HTTP/Status/301
2025-03-10 15:03:02 - models.observer - ERROR - Error while checking changes on page https://news.ycombinator.com/newest: list index out of range
2025-03-10 15:03:03 - models.observer - ERROR - Error while checking changes on page https://reddit.com: Redirect response '301 Moved Permanently' for url 'https://reddit.com'
Redirect location: 'https://www.reddit.com/'
For more information check: https://developer.mozilla.org/en-US/docs/Web/HTTP/Status/301
2025-03-10 15:03:08 - models.observer - ERROR - Error while checking changes on page https://www.bbc.com/news/world/europe: 
2025-03-10 15:03:09 - models.observer - INFO - Change check completed.
2025-03-10 15:12:43 - models.observer - INFO - Starting change check...
2025-03-10 15:12:44 - models.observer - ERROR - Error while checking changes on page https://python.org: Redirect response '301 Moved Permanently' for url 'https://python.org'
Redirect location: 'https://www.python.org/'
For more information check: https://developer.mozilla.org/en-US/docs/Web/HTTP/Status/301
2025-03-10 15:12:45 - models.observer - ERROR - Error while checking changes on page https://news.ycombinator.com/newest: list index out of range
2025-03-10 15:12:45 - models.observer - ERROR - Error while checking changes on page https://reddit.com: Redirect response '301 Moved Permanently' for url 'https://reddit.com'
Redirect location: 'https://www.reddit.com/'
For more information check: https://developer.mozilla.org/en-US/docs/Web/HTTP/Status/301
2025-03-10 15:12:50 - models.observer - ERROR - Error while checking changes on page https://www.bbc.com/news/world/europe: 
2025-03-10 15:12:52 - models.observer - INFO - Change detected on page https://lenta.ru/: old value 'None', new value '«Думаю, у нас будет хороший результат». Трамп высказался о предстоящих переговорах США и Украины в Саудовской Аравии'
2025-03-10 15:12:52 - models.observer - INFO - New news entry created for page https://lenta.ru/
2025-03-10 15:12:52 - models.observer - INFO - Change check completed.
2025-03-10 15:17:43 - models.observer - INFO - Starting change check...
2025-03-10 15:17:44 - models.observer - ERROR - Error while checking changes on page https://python.org: Redirect response '301 Moved Permanently' for url 'https://python.org'
Redirect location: 'https://www.python.org/'
For more information check: https://developer.mozilla.org/en-US/docs/Web/HTTP/Status/301
2025-03-10 15:17:45 - models.observer - ERROR - Error while checking changes on page https://news.ycombinator.com/newest: list index out of range
2025-03-10 15:17:45 - models.observer - ERROR - Error while checking changes on page https://reddit.com: Redirect response '301 Moved Permanently' for url 'https://reddit.com'
Redirect location: 'https://www.reddit.com/'
For more information check: https://developer.mozilla.org/en-US/docs/Web/HTTP/Status/301
2025-03-10 15:17:50 - models.observer - ERROR - Error while checking changes on page https://www.bbc.com/news/world/europe: 
2025-03-10 15:17:52 - models.observer - INFO - Change check completed.
2025-03-10 15:22:43 - models.observer - INFO - Starting change check...
2025-03-10 15:22:44 - models.observer - ERROR - Error while checking changes on page https://python.org: Redirect response '301 Moved Permanently' for url 'https://python.org'
Redirect location: 'https://www.python.org/'
For more information check: https://developer.mozilla.org/en-US/docs/Web/HTTP/Status/301
2025-03-10 15:22:45 - models.observer - ERROR - Error while checking changes on page https://news.ycombinator.com/newest: list index out of range
2025-03-10 15:22:45 - models.observer - ERROR - Error while checking changes on page https://reddit.com: Redirect response '301 Moved Permanently' for url 'https://reddit.com'
Redirect location: 'https://www.reddit.com/'
For more information check: https://developer.mozilla.org/en-US/docs/Web/HTTP/Status/301
2025-03-10 15:22:50 - models.observer - ERROR - Error while checking changes on page https://www.bbc.com/news/world/europe: 
2025-03-10 15:22:51 - models.observer - INFO - Change detected on page https://lenta.ru/: old value '«Думаю, у нас будет хороший результат». Трамп высказался о предстоящих переговорах США и Украины в Саудовской Аравии', new value '«Операция Труба». Появились подробности прорыва российских войск в Суджу по газопроводу'
2025-03-10 15:22:51 - models.observer - INFO - New news entry created for page https://lenta.ru/
2025-03-10 15:22:51 - models.observer - INFO - Change detected on page https://lenta.ru/: old value '«Думаю, у нас будет хороший результат». Трамп высказался о предстоящих переговорах США и Украины в Саудовской Аравии', new value '«Операция Труба». Появились подробности прорыва российских войск в Суджу по газопроводу'
2025-03-10 15:22:51 - models.observer - INFO - New news entry created for page https://lenta.ru/
2025-03-10 15:22:51 - models.observer - INFO - Change detected on page https://lenta.ru/: old value '«Думаю, у нас будет хороший результат». Трамп высказался о предстоящих переговорах США и Украины в Саудовской Аравии', new value '«Операция Труба». Появились подробности прорыва российских войск в Суджу по газопроводу'
2025-03-10 15:22:51 - models.observer - INFO - New news entry created for page https://lenta.ru/
2025-03-10 15:22:51 - models.observer - INFO - Change detected on page https://lenta.ru/: old value '«Думаю, у нас будет хороший результат». Трамп высказался о предстоящих переговорах США и Украины в Саудовской Аравии', new value '«Операция Труба». Появились подробности прорыва российских войск в Суджу по газопроводу'
2025-03-10 15:22:51 - models.observer - INFO - New news entry created for page https://lenta.ru/
2025-03-10 15:22:52 - models.observer - INFO - Change detected on page https://lenta.ru/: old value '«Думаю, у нас будет хороший результат». Трамп высказался о предстоящих переговорах США и Украины в Саудовской Аравии', new value '«Операция Труба». Появились подробности прорыва российских войск в Суджу по газопроводу'
2025-03-10 15:22:52 - models.observer - INFO - New news entry created for page https://lenta.ru/
2025-03-10 15:22:52 - models.observer - INFO - Change detected on page https://lenta.ru/: old value '«Думаю, у нас будет хороший результат». Трамп высказался о предстоящих переговорах США и Украины в Саудовской Аравии', new value '«Операция Труба». Появились подробности прорыва российских войск в Суджу по газопроводу'
2025-03-10 15:22:52 - models.observer - INFO - New news entry created for page https://lenta.ru/
2025-03-10 15:22:52 - models.observer - INFO - Change detected on page https://lenta.ru/: old value '«Думаю, у нас будет хороший результат». Трамп высказался о предстоящих переговорах США и Украины в Саудовской Аравии', new value '«Операция Труба». Появились подробности прорыва российских войск в Суджу по газопроводу'
2025-03-10 15:22:52 - models.observer - INFO - New news entry created for page https://lenta.ru/
2025-03-10 15:22:52 - models.observer - INFO - Change check completed.
2025-03-10 15:27:43 - models.observer - INFO - Starting change check...
2025-03-10 15:27:44 - models.observer - ERROR - Error while checking changes on page https://python.org: Redirect response '301 Moved Permanently' for url 'https://python.org'
Redirect location: 'https://www.python.org/'
For more information check: https://developer.mozilla.org/en-US/docs/Web/HTTP/Status/301
2025-03-10 15:27:45 - models.observer - ERROR - Error while checking changes on page https://news.ycombinator.com/newest: list index out of range
2025-03-10 15:27:45 - models.observer - ERROR - Error while checking changes on page https://reddit.com: Redirect response '301 Moved Permanently' for url 'https://reddit.com'
Redirect location: 'https://www.reddit.com/'
For more information check: https://developer.mozilla.org/en-US/docs/Web/HTTP/Status/301
2025-03-10 15:27:50 - models.observer - ERROR - Error while checking changes on page https://www.bbc.com/news/world/europe: 
2025-03-10 15:27:52 - models.observer - INFO - Change detected on page https://lenta.ru/: old value '«Думаю, у нас будет хороший результат». Трамп высказался о предстоящих переговорах США и Украины в Саудовской Аравии', new value '«Операция Труба». Появились подробности прорыва российских войск в Суджу по газопроводу'
2025-03-10 15:27:52 - models.observer - INFO - New news entry created for page https://lenta.ru/
2025-03-10 15:27:52 - models.observer - INFO - Change check completed.
2025-03-10 15:32:43 - models.observer - INFO - Starting change check...
2025-03-10 15:32:44 - models.observer - ERROR - Error while checking changes on page https://python.org: Redirect response '301 Moved Permanently' for url 'https://python.org'
Redirect location: 'https://www.python.org/'
For more information check: https://developer.mozilla.org/en-US/docs/Web/HTTP/Status/301
2025-03-10 15:32:45 - models.observer - ERROR - Error while checking changes on page https://news.ycombinator.com/newest: list index out of range
2025-03-10 15:32:45 - models.observer - ERROR - Error while checking changes on page https://reddit.com: Redirect response '301 Moved Permanently' for url 'https://reddit.com'
Redirect location: 'https://www.reddit.com/'
For more information check: https://developer.mozilla.org/en-US/docs/Web/HTTP/Status/301
2025-03-10 15:32:50 - models.observer - ERROR - Error while checking changes on page https://www.bbc.com/news/world/europe: 
2025-03-10 15:32:52 - models.observer - INFO - Change detected on page https://lenta.ru/: old value '«Думаю, у нас будет хороший результат». Трамп высказался о предстоящих переговорах США и Украины в Саудовской Аравии', new value '«Операция Труба». Появились подробности прорыва российских войск в Суджу по газопроводу'
2025-03-10 15:32:52 - models.observer - INFO - New news entry created for page https://lenta.ru/
2025-03-10 15:32:52 - models.observer - INFO - Change check completed.
2025-03-10 15:37:43 - models.observer - INFO - Starting change check...
2025-03-10 15:37:44 - models.observer - ERROR - Error while checking changes on page https://python.org: Redirect response '301 Moved Permanently' for url 'https://python.org'
Redirect location: 'https://www.python.org/'
For more information check: https://developer.mozilla.org/en-US/docs/Web/HTTP/Status/301
2025-03-10 15:37:45 - models.observer - ERROR - Error while checking changes on page https://news.ycombinator.com/newest: list index out of range
2025-03-10 15:37:45 - models.observer - ERROR - Error while checking changes on page https://reddit.com: Redirect response '301 Moved Permanently' for url 'https://reddit.com'
Redirect location: 'https://www.reddit.com/'
For more information check: https://developer.mozilla.org/en-US/docs/Web/HTTP/Status/301
2025-03-10 15:37:50 - models.observer - ERROR - Error while checking changes on page https://www.bbc.com/news/world/europe: 
2025-03-10 15:37:50 - models.observer - INFO - Change detected on page https://www.fontanka.ru/: old value 'Ответственность за выгул приютских собак в Петербурге понесет тот, кто держит поводок. Контроль за отловом усилят', new value 'В Северном море столкнулись два судна. Сообщается о возгорании'
2025-03-10 15:37:50 - models.observer - INFO - New news entry created for page https://www.fontanka.ru/
2025-03-10 15:37:52 - models.observer - INFO - Change detected on page https://lenta.ru/: old value '«Думаю, у нас будет хороший результат». Трамп высказался о предстоящих переговорах США и Украины в Саудовской Аравии', new value '«Операция Труба». Появились подробности прорыва российских войск в Суджу по газопроводу'
2025-03-10 15:37:52 - models.observer - INFO - New news entry created for page https://lenta.ru/
2025-03-10 15:37:52 - models.observer - INFO - Change check completed.
2025-03-10 15:42:43 - models.observer - INFO - Starting change check...
2025-03-10 15:42:44 - models.observer - ERROR - Error while checking changes on page https://python.org: Redirect response '301 Moved Permanently' for url 'https://python.org'
Redirect location: 'https://www.python.org/'
For more information check: https://developer.mozilla.org/en-US/docs/Web/HTTP/Status/301
2025-03-10 15:42:45 - models.observer - ERROR - Error while checking changes on page https://news.ycombinator.com/newest: list index out of range
2025-03-10 15:42:45 - models.observer - ERROR - Error while checking changes on page https://reddit.com: Redirect response '301 Moved Permanently' for url 'https://reddit.com'
Redirect location: 'https://www.reddit.com/'
For more information check: https://developer.mozilla.org/en-US/docs/Web/HTTP/Status/301
2025-03-10 15:42:50 - models.observer - ERROR - Error while checking changes on page https://www.bbc.com/news/world/europe: 
2025-03-10 15:42:52 - models.observer - INFO - Change detected on page https://lenta.ru/: old value '«Думаю, у нас будет хороший результат». Трамп высказался о предстоящих переговорах США и Украины в Саудовской Аравии', new value '«Операция Труба». Появились подробности прорыва российских войск в Суджу по газопроводу'
2025-03-10 15:42:52 - models.observer - INFO - New news entry created for page https://lenta.ru/
2025-03-10 15:42:52 - models.observer - INFO - Change check completed.
2025-03-10 15:47:43 - models.observer - INFO - Starting change check...
2025-03-10 15:47:44 - models.observer - ERROR - Error while checking changes on page https://python.org: Redirect response '301 Moved Permanently' for url 'https://python.org'
Redirect location: 'https://www.python.org/'
For more information check: https://developer.mozilla.org/en-US/docs/Web/HTTP/Status/301
2025-03-10 15:47:45 - models.observer - ERROR - Error while checking changes on page https://news.ycombinator.com/newest: list index out of range
2025-03-10 15:47:45 - models.observer - ERROR - Error while checking changes on page https://reddit.com: Redirect response '301 Moved Permanently' for url 'https://reddit.com'
Redirect location: 'https://www.reddit.com/'
For more information check: https://developer.mozilla.org/en-US/docs/Web/HTTP/Status/301
2025-03-10 15:47:50 - models.observer - ERROR - Error while checking changes on page https://www.bbc.com/news/world/europe: 
2025-03-10 15:47:52 - models.observer - INFO - Change detected on page https://lenta.ru/: old value '«Думаю, у нас будет хороший результат». Трамп высказался о предстоящих переговорах США и Украины в Саудовской Аравии', new value '«Операция Труба». Появились подробности прорыва российских войск в Суджу по газопроводу'
2025-03-10 15:47:52 - models.observer - INFO - New news entry created for page https://lenta.ru/
2025-03-10 15:47:52 - models.observer - INFO - Change check completed.
2025-03-10 15:52:43 - models.observer - INFO - Starting change check...
2025-03-10 15:52:44 - models.observer - ERROR - Error while checking changes on page https://python.org: Redirect response '301 Moved Permanently' for url 'https://python.org'
Redirect location: 'https://www.python.org/'
For more information check: https://developer.mozilla.org/en-US/docs/Web/HTTP/Status/301
2025-03-10 15:52:45 - models.observer - ERROR - Error while checking changes on page https://news.ycombinator.com/newest: list index out of range
2025-03-10 15:52:45 - models.observer - ERROR - Error while checking changes on page https://reddit.com: Redirect response '301 Moved Permanently' for url 'https://reddit.com'
Redirect location: 'https://www.reddit.com/'
For more information check: https://developer.mozilla.org/en-US/docs/Web/HTTP/Status/301
2025-03-10 15:52:50 - models.observer - ERROR - Error while checking changes on page https://www.bbc.com/news/world/europe: 
2025-03-10 15:52:52 - models.observer - INFO - Change detected on page https://lenta.ru/: old value '«Думаю, у нас будет хороший результат». Трамп высказался о предстоящих переговорах США и Украины в Саудовской Аравии', new value '«Операция Труба». Появились подробности прорыва российских войск в Суджу по газопроводу'
2025-03-10 15:52:52 - models.observer - INFO - New news entry created for page https://lenta.ru/
2025-03-10 15:52:52 - models.observer - INFO - Change check completed.
2025-03-10 16:32:43 - models.observer - INFO - Starting change check...
2025-03-10 16:32:44 - models.observer - ERROR - Error while checking changes on page https://python.org: Redirect response '301 Moved Permanently' for url 'https://python.org'
Redirect location: 'https://www.python.org/'
For more information check: https://developer.mozilla.org/en-US/docs/Web/HTTP/Status/301
2025-03-10 16:32:45 - models.observer - ERROR - Error while checking changes on page https://news.ycombinator.com/newest: list index out of range
2025-03-10 16:32:45 - models.observer - ERROR - Error while checking changes on page https://reddit.com: Redirect response '301 Moved Permanently' for url 'https://reddit.com'
Redirect location: 'https://www.reddit.com/'
For more information check: https://developer.mozilla.org/en-US/docs/Web/HTTP/Status/301
2025-03-10 16:32:50 - models.observer - ERROR - Error while checking changes on page https://www.bbc.com/news/world/europe: 
2025-03-10 16:32:51 - models.observer - INFO - Change detected on page https://www.fontanka.ru/: old value 'В Северном море столкнулись два судна. Сообщается о возгорании', new value 'В Петербурге начинают разводить мосты: скоро навигация'
2025-03-10 16:32:51 - models.observer - INFO - New news entry created for page https://www.fontanka.ru/
2025-03-10 16:32:51 - models.observer - INFO - Change detected on page https://lenta.ru/: old value '«Операция Труба». Появились подробности прорыва российских войск в Суджу по газопроводу', new value 'Российские войска продолжают освобождать Курскую область от ВСУ. Опубликована карта наступления'
2025-03-10 16:32:51 - models.observer - INFO - New news entry created for page https://lenta.ru/
2025-03-10 16:32:51 - models.observer - INFO - Change detected on page https://lenta.ru/: old value '«Операция Труба». Появились подробности прорыва российских войск в Суджу по газопроводу', new value 'Российские войска продолжают освобождать Курскую область от ВСУ. Опубликована карта наступления'
2025-03-10 16:32:51 - models.observer - INFO - New news entry created for page https://lenta.ru/
2025-03-10 16:32:51 - models.observer - INFO - Change detected on page https://lenta.ru/: old value '«Операция Труба». Появились подробности прорыва российских войск в Суджу по газопроводу', new value 'Российские войска продолжают освобождать Курскую область от ВСУ. Опубликована карта наступления'
2025-03-10 16:32:51 - models.observer - INFO - New news entry created for page https://lenta.ru/
2025-03-10 16:32:52 - models.observer - INFO - Change detected on page https://lenta.ru/: old value '«Операция Труба». Появились подробности прорыва российских войск в Суджу по газопроводу', new value 'Российские войска продолжают освобождать Курскую область от ВСУ. Опубликована карта наступления'
2025-03-10 16:32:52 - models.observer - INFO - New news entry created for page https://lenta.ru/
2025-03-10 16:32:52 - models.observer - INFO - Change detected on page https://lenta.ru/: old value '«Операция Труба». Появились подробности прорыва российских войск в Суджу по газопроводу', new value 'Российские войска продолжают освобождать Курскую область от ВСУ. Опубликована карта наступления'
2025-03-10 16:32:52 - models.observer - INFO - New news entry created for page https://lenta.ru/
2025-03-10 16:32:52 - models.observer - INFO - Change detected on page https://lenta.ru/: old value '«Операция Труба». Появились подробности прорыва российских войск в Суджу по газопроводу', new value 'Российские войска продолжают освобождать Курскую область от ВСУ. Опубликована карта наступления'
2025-03-10 16:32:52 - models.observer - INFO - New news entry created for page https://lenta.ru/
2025-03-10 16:32:52 - models.observer - INFO - Change detected on page https://lenta.ru/: old value '«Думаю, у нас будет хороший результат». Трамп высказался о предстоящих переговорах США и Украины в Саудовской Аравии', new value 'Российские войска продолжают освобождать Курскую область от ВСУ. Опубликована карта наступления'
2025-03-10 16:32:52 - models.observer - INFO - New news entry created for page https://lenta.ru/
2025-03-10 16:32:52 - models.observer - INFO - Change check completed.
2025-03-10 16:41:36 - models.observer - INFO - Starting change check...
2025-03-10 16:41:36 - models.observer - ERROR - Error while checking changes on page https://python.org: Redirect response '301 Moved Permanently' for url 'https://python.org'
Redirect location: 'https://www.python.org/'
For more information check: https://developer.mozilla.org/en-US/docs/Web/HTTP/Status/301
2025-03-10 16:41:38 - models.observer - ERROR - Error while checking changes on page https://news.ycombinator.com/newest: list index out of range
2025-03-10 16:41:38 - models.observer - ERROR - Error while checking changes on page https://reddit.com: Redirect response '301 Moved Permanently' for url 'https://reddit.com'
Redirect location: 'https://www.reddit.com/'
For more information check: https://developer.mozilla.org/en-US/docs/Web/HTTP/Status/301
2025-03-10 16:41:43 - models.observer - ERROR - Error while checking changes on page https://www.bbc.com/news/world/europe: 
2025-03-10 16:41:43 - models.observer - INFO - Change detected on page https://www.fontanka.ru/: old value 'В Северном море столкнулись два судна. Сообщается о возгорании', new value 'Дело об обрушении дома на Гороховой расследовано. Судить будут главу жилкомсервиса'
2025-03-10 16:41:43 - models.observer - INFO - New news entry created for page https://www.fontanka.ru/
2025-03-10 16:41:44 - models.observer - INFO - Change detected on page https://lenta.ru/: old value '«Операция Труба». Появились подробности прорыва российских войск в Суджу по газопроводу', new value 'Российские войска продолжают освобождать Курскую область от ВСУ. Опубликована карта наступления'
2025-03-10 16:41:44 - models.observer - INFO - New news entry created for page https://lenta.ru/
2025-03-10 16:41:44 - models.observer - INFO - Change detected on page https://lenta.ru/: old value '«Операция Труба». Появились подробности прорыва российских войск в Суджу по газопроводу', new value 'Российские войска продолжают освобождать Курскую область от ВСУ. Опубликована карта наступления'
2025-03-10 16:41:44 - models.observer - INFO - New news entry created for page https://lenta.ru/
2025-03-10 16:41:44 - models.observer - INFO - Change detected on page https://lenta.ru/: old value '«Операция Труба». Появились подробности прорыва российских войск в Суджу по газопроводу', new value 'Российские войска продолжают освобождать Курскую область от ВСУ. Опубликована карта наступления'
2025-03-10 16:41:44 - models.observer - INFO - New news entry created for page https://lenta.ru/
2025-03-10 16:41:44 - models.observer - INFO - Change detected on page https://lenta.ru/: old value '«Операция Труба». Появились подробности прорыва российских войск в Суджу по газопроводу', new value 'Российские войска продолжают освобождать Курскую область от ВСУ. Опубликована карта наступления'
2025-03-10 16:41:44 - models.observer - INFO - New news entry created for page https://lenta.ru/
2025-03-10 16:41:44 - models.observer - INFO - Change detected on page https://lenta.ru/: old value '«Операция Труба». Появились подробности прорыва российских войск в Суджу по газопроводу', new value 'Российские войска продолжают освобождать Курскую область от ВСУ. Опубликована карта наступления'
2025-03-10 16:41:44 - models.observer - INFO - New news entry created for page https://lenta.ru/
2025-03-10 16:41:44 - models.observer - INFO - Change detected on page https://lenta.ru/: old value '«Операция Труба». Появились подробности прорыва российских войск в Суджу по газопроводу', new value 'Российские войска продолжают освобождать Курскую область от ВСУ. Опубликована карта наступления'
2025-03-10 16:41:44 - models.observer - INFO - New news entry created for page https://lenta.ru/
2025-03-10 16:41:45 - models.observer - INFO - Change detected on page https://lenta.ru/: old value '«Думаю, у нас будет хороший результат». Трамп высказался о предстоящих переговорах США и Украины в Саудовской Аравии', new value 'Российские войска продолжают освобождать Курскую область от ВСУ. Опубликована карта наступления'
2025-03-10 16:41:45 - models.observer - INFO - New news entry created for page https://lenta.ru/
2025-03-10 16:41:45 - models.observer - INFO - Change check completed.
2025-03-10 16:46:36 - models.observer - INFO - Starting change check...
2025-03-10 16:46:36 - models.observer - ERROR - Error while checking changes on page https://python.org: Redirect response '301 Moved Permanently' for url 'https://python.org'
Redirect location: 'https://www.python.org/'
For more information check: https://developer.mozilla.org/en-US/docs/Web/HTTP/Status/301
2025-03-10 16:46:38 - models.observer - ERROR - Error while checking changes on page https://news.ycombinator.com/newest: list index out of range
2025-03-10 16:46:38 - models.observer - ERROR - Error while checking changes on page https://reddit.com: Redirect response '301 Moved Permanently' for url 'https://reddit.com'
Redirect location: 'https://www.reddit.com/'
For more information check: https://developer.mozilla.org/en-US/docs/Web/HTTP/Status/301
2025-03-10 16:46:43 - models.observer - ERROR - Error while checking changes on page https://www.bbc.com/news/world/europe: 
2025-03-10 16:46:45 - models.observer - INFO - Change check completed.
2025-03-10 16:54:26 - models.observer - INFO - Starting change check...
2025-03-10 16:54:27 - models.observer - ERROR - Error while checking changes on page https://python.org: Redirect response '301 Moved Permanently' for url 'https://python.org'
Redirect location: 'https://www.python.org/'
For more information check: https://developer.mozilla.org/en-US/docs/Web/HTTP/Status/301
2025-03-10 16:54:28 - models.observer - ERROR - Error while checking changes on page https://news.ycombinator.com/newest: list index out of range
2025-03-10 16:54:29 - models.observer - ERROR - Error while checking changes on page https://reddit.com: Redirect response '301 Moved Permanently' for url 'https://reddit.com'
Redirect location: 'https://www.reddit.com/'
For more information check: https://developer.mozilla.org/en-US/docs/Web/HTTP/Status/301
2025-03-10 16:54:34 - models.observer - ERROR - Error while checking changes on page https://www.bbc.com/news/world/europe: 
2025-03-10 16:54:34 - models.observer - INFO - Change check completed.
2025-03-10 16:59:26 - models.observer - INFO - Starting change check...
2025-03-10 16:59:27 - models.observer - ERROR - Error while checking changes on page https://python.org: Redirect response '301 Moved Permanently' for url 'https://python.org'
Redirect location: 'https://www.python.org/'
For more information check: https://developer.mozilla.org/en-US/docs/Web/HTTP/Status/301
2025-03-10 16:59:28 - models.observer - ERROR - Error while checking changes on page https://news.ycombinator.com/newest: list index out of range
2025-03-10 16:59:28 - models.observer - ERROR - Error while checking changes on page https://reddit.com: Redirect response '301 Moved Permanently' for url 'https://reddit.com'
Redirect location: 'https://www.reddit.com/'
For more information check: https://developer.mozilla.org/en-US/docs/Web/HTTP/Status/301
2025-03-10 16:59:34 - models.observer - ERROR - Error while checking changes on page https://www.bbc.com/news/world/europe: 
2025-03-10 16:59:34 - models.observer - INFO - Change detected on page https://www.rbc.ru/spb_sz/: old value 'Российские войска продолжают освобождать Курскую область от ВСУ. Опубликована карта наступления', new value 'Производитель датчиков для машин запустит новое предприятие в Петербурге'
2025-03-10 16:59:34 - models.observer - INFO - New news entry created for page https://www.rbc.ru/spb_sz/
2025-03-10 16:59:35 - models.observer - ERROR - Error while checking changes on page https://fastapi.tiangolo.com/tutorial/request-form-models/#check-the-docs: 'float' object is not subscriptable
2025-03-10 16:59:35 - models.observer - INFO - Change check completed.
2025-03-10 17:37:44 - models.observer - INFO - Starting change check...
2025-03-10 17:37:45 - models.observer - ERROR - Error while checking changes on page https://python.org: Redirect response '301 Moved Permanently' for url 'https://python.org'
Redirect location: 'https://www.python.org/'
For more information check: https://developer.mozilla.org/en-US/docs/Web/HTTP/Status/301
2025-03-10 17:37:46 - models.observer - ERROR - Error while checking changes on page https://news.ycombinator.com/newest: list index out of range
2025-03-10 17:37:47 - models.observer - ERROR - Error while checking changes on page https://reddit.com: Redirect response '301 Moved Permanently' for url 'https://reddit.com'
Redirect location: 'https://www.reddit.com/'
For more information check: https://developer.mozilla.org/en-US/docs/Web/HTTP/Status/301
2025-03-10 17:37:52 - models.observer - ERROR - Error while checking changes on page https://www.bbc.com/news/world/europe: 
2025-03-10 17:37:53 - models.observer - INFO - Change detected on page https://www.rbc.ru/spb_sz/: old value 'Производитель датчиков для машин запустит новое предприятие в Петербурге', new value 'Завершено расследование дела об обрушении дома в центре Петербурга'
2025-03-10 17:37:53 - models.observer - INFO - New news entry created for page https://www.rbc.ru/spb_sz/
2025-03-10 17:37:53 - models.observer - INFO - Change check completed.
2025-03-10 17:42:44 - models.observer - INFO - Starting change check...
2025-03-10 17:42:45 - models.observer - ERROR - Error while checking changes on page https://python.org: Redirect response '301 Moved Permanently' for url 'https://python.org'
Redirect location: 'https://www.python.org/'
For more information check: https://developer.mozilla.org/en-US/docs/Web/HTTP/Status/301
2025-03-10 17:42:46 - models.observer - ERROR - Error while checking changes on page https://news.ycombinator.com/newest: list index out of range
2025-03-10 17:42:46 - models.observer - ERROR - Error while checking changes on page https://reddit.com: Redirect response '301 Moved Permanently' for url 'https://reddit.com'
Redirect location: 'https://www.reddit.com/'
For more information check: https://developer.mozilla.org/en-US/docs/Web/HTTP/Status/301
2025-03-10 17:42:51 - models.observer - ERROR - Error while checking changes on page https://www.bbc.com/news/world/europe: 
2025-03-10 17:42:52 - models.observer - INFO - Change check completed.
2025-03-10 17:57:27 - models.observer - INFO - Starting change check...
2025-03-10 17:57:28 - models.observer - ERROR - Error while checking changes on page https://python.org: Redirect response '301 Moved Permanently' for url 'https://python.org'
Redirect location: 'https://www.python.org/'
For more information check: https://developer.mozilla.org/en-US/docs/Web/HTTP/Status/301
2025-03-10 17:57:30 - models.observer - ERROR - Error while checking changes on page https://news.ycombinator.com/newest: list index out of range
2025-03-10 17:57:30 - models.observer - ERROR - Error while checking changes on page https://reddit.com: Redirect response '301 Moved Permanently' for url 'https://reddit.com'
Redirect location: 'https://www.reddit.com/'
For more information check: https://developer.mozilla.org/en-US/docs/Web/HTTP/Status/301
2025-03-10 17:57:35 - models.observer - ERROR - Error while checking changes on page https://www.bbc.com/news/world/europe: 
2025-03-10 17:57:36 - models.observer - INFO - Change detected on page https://lenta.ru/: old value 'Российские войска продолжают освобождать Курскую область от ВСУ. Опубликована карта наступления', new value 'Азербайджан отказал России в экстрадиции «золотой судьи». Ее задержали в Баку на пути в Дубай'
2025-03-10 17:57:36 - models.observer - INFO - New news entry created for page https://lenta.ru/
2025-03-10 17:57:36 - models.observer - INFO - Change detected on page https://www.rbc.ru/spb_sz/: old value 'Завершено расследование дела об обрушении дома в центре Петербурга', new value 'Как на петербургских новостройках отразятся новые рекомендации Минстроя'
2025-03-10 17:57:36 - models.observer - INFO - New news entry created for page https://www.rbc.ru/spb_sz/
2025-03-10 17:57:36 - models.observer - INFO - Change check completed.
2025-03-10 18:06:52 - models.observer - INFO - Starting change check...
2025-03-10 18:06:53 - models.observer - ERROR - Error while checking changes on page https://python.org: Redirect response '301 Moved Permanently' for url 'https://python.org'
Redirect location: 'https://www.python.org/'
For more information check: https://developer.mozilla.org/en-US/docs/Web/HTTP/Status/301
2025-03-10 18:06:55 - models.observer - ERROR - Error while checking changes on page https://news.ycombinator.com/newest: list index out of range
2025-03-10 18:06:55 - models.observer - ERROR - Error while checking changes on page https://reddit.com: Redirect response '301 Moved Permanently' for url 'https://reddit.com'
Redirect location: 'https://www.reddit.com/'
For more information check: https://developer.mozilla.org/en-US/docs/Web/HTTP/Status/301
2025-03-10 18:07:00 - models.observer - ERROR - Error while checking changes on page https://www.bbc.com/news/world/europe: 
2025-03-10 18:07:01 - models.observer - INFO - Change detected on page https://www.fontanka.ru/: old value 'Дело об обрушении дома на Гороховой расследовано. Судить будут главу жилкомсервиса', new value 'Жилком Петербурга: взносов с горожан недостаточно для программы капремонта'
2025-03-10 18:07:01 - models.observer - INFO - New news entry created for page https://www.fontanka.ru/
2025-03-10 18:07:05 - models.observer - INFO - Change check completed.
2025-03-10 18:29:38 - app.routers.admin_routes - DEBUG - Перед добавлением: logs=[], news=[]
2025-03-10 18:29:38 - app.routers.admin_routes - DEBUG - После фиксации: logs=[<db.models.Log object at 0x106713650>, <db.models.Log object at 0x106711350>, <db.models.Log object at 0x1067111d0>, <db.models.Log object at 0x106712e50>, <db.models.Log object at 0x1067107d0>, <db.models.Log object at 0x1067116d0>, <db.models.Log object at 0x1067130d0>], news=[<db.models.News object at 0x106713f50>, <db.models.News object at 0x106713b50>, <db.models.News object at 0x106712c50>, <db.models.News object at 0x106712650>, <db.models.News object at 0x1067113d0>, <db.models.News object at 0x106710dd0>, <db.models.News object at 0x1067128d0>]
2025-03-10 18:33:34 - models.observer - INFO - Starting change check...
2025-03-10 18:33:35 - models.observer - ERROR - Error while checking changes on page https://python.org: Redirect response '301 Moved Permanently' for url 'https://python.org'
Redirect location: 'https://www.python.org/'
For more information check: https://developer.mozilla.org/en-US/docs/Web/HTTP/Status/301
2025-03-10 18:33:37 - models.observer - ERROR - Error while checking changes on page https://news.ycombinator.com/newest: list index out of range
2025-03-10 18:33:37 - models.observer - ERROR - Error while checking changes on page https://reddit.com: Redirect response '301 Moved Permanently' for url 'https://reddit.com'
Redirect location: 'https://www.reddit.com/'
For more information check: https://developer.mozilla.org/en-US/docs/Web/HTTP/Status/301
2025-03-10 18:33:42 - models.observer - ERROR - Error while checking changes on page https://www.bbc.com/news/world/europe: 
2025-03-10 18:33:43 - models.observer - INFO - Change detected on page https://www.fontanka.ru/: old value 'Жилком Петербурга: взносов с горожан недостаточно для программы капремонта', new value '«Не подходите сюда!»: новые кадры инцидента с Infiniti, которая протаранила семь машин под Всеволожском'
2025-03-10 18:33:43 - models.observer - INFO - New news entry created for page https://www.fontanka.ru/
2025-03-10 18:33:44 - models.observer - INFO - Change check completed.
2025-03-10 18:38:34 - models.observer - INFO - Starting change check...
2025-03-10 18:38:35 - models.observer - ERROR - Error while checking changes on page https://python.org: Redirect response '301 Moved Permanently' for url 'https://python.org'
Redirect location: 'https://www.python.org/'
For more information check: https://developer.mozilla.org/en-US/docs/Web/HTTP/Status/301
2025-03-10 18:38:36 - models.observer - ERROR - Error while checking changes on page https://news.ycombinator.com/newest: list index out of range
2025-03-10 18:38:37 - models.observer - ERROR - Error while checking changes on page https://reddit.com: Redirect response '301 Moved Permanently' for url 'https://reddit.com'
Redirect location: 'https://www.reddit.com/'
For more information check: https://developer.mozilla.org/en-US/docs/Web/HTTP/Status/301
2025-03-10 18:38:42 - models.observer - ERROR - Error while checking changes on page https://www.bbc.com/news/world/europe: 
2025-03-10 18:38:43 - models.observer - INFO - Change check completed.
2025-03-10 18:41:55 - app.routers.admin_routes - DEBUG - Перед добавлением: logs=[], news=[]
2025-03-10 18:41:55 - app.routers.admin_routes - DEBUG - После фиксации: logs=[<db.models.Log object at 0x111dcd750>, <db.models.Log object at 0x111dce7d0>, <db.models.Log object at 0x111dce750>, <db.models.Log object at 0x111dcfbd0>, <db.models.Log object at 0x111dcf4d0>, <db.models.Log object at 0x111dce9d0>, <db.models.Log object at 0x111dcfdd0>], news=[<db.models.News object at 0x111dcccd0>, <db.models.News object at 0x111dcf950>, <db.models.News object at 0x111dce450>, <db.models.News object at 0x111dcecd0>, <db.models.News object at 0x111dcd350>, <db.models.News object at 0x111dce650>, <db.models.News object at 0x111dce850>]
2025-03-10 18:46:28 - models.observer - INFO - Starting change check...
2025-03-10 18:46:29 - models.observer - ERROR - Error while checking changes on page https://python.org: Redirect response '301 Moved Permanently' for url 'https://python.org'
Redirect location: 'https://www.python.org/'
For more information check: https://developer.mozilla.org/en-US/docs/Web/HTTP/Status/301
2025-03-10 18:46:30 - models.observer - ERROR - Error while checking changes on page https://news.ycombinator.com/newest: list index out of range
2025-03-10 18:46:30 - models.observer - ERROR - Error while checking changes on page https://reddit.com: Redirect response '301 Moved Permanently' for url 'https://reddit.com'
Redirect location: 'https://www.reddit.com/'
For more information check: https://developer.mozilla.org/en-US/docs/Web/HTTP/Status/301
2025-03-10 18:46:35 - models.observer - ERROR - Error while checking changes on page https://www.bbc.com/news/world/europe: 
2025-03-10 18:46:36 - models.observer - INFO - Change detected on page https://www.fontanka.ru/: old value '«Не подходите сюда!»: новые кадры инцидента с Infiniti, которая протаранила семь машин под Всеволожском', new value 'Цену платной парковки в Петербурге хотят менять в зависимости от загруженности'
2025-03-10 18:46:36 - models.observer - INFO - New news entry created for page https://www.fontanka.ru/
2025-03-10 18:46:37 - models.observer - INFO - Change check completed.
2025-03-10 18:51:28 - models.observer - INFO - Starting change check...
2025-03-10 18:51:29 - models.observer - ERROR - Error while checking changes on page https://python.org: Redirect response '301 Moved Permanently' for url 'https://python.org'
Redirect location: 'https://www.python.org/'
For more information check: https://developer.mozilla.org/en-US/docs/Web/HTTP/Status/301
2025-03-10 18:51:30 - models.observer - ERROR - Error while checking changes on page https://news.ycombinator.com/newest: list index out of range
2025-03-10 18:51:30 - models.observer - ERROR - Error while checking changes on page https://reddit.com: Redirect response '301 Moved Permanently' for url 'https://reddit.com'
Redirect location: 'https://www.reddit.com/'
For more information check: https://developer.mozilla.org/en-US/docs/Web/HTTP/Status/301
2025-03-10 18:51:35 - models.observer - ERROR - Error while checking changes on page https://www.bbc.com/news/world/europe: 
2025-03-10 18:51:37 - models.observer - INFO - Change check completed.
2025-03-10 18:56:28 - models.observer - INFO - Starting change check...
2025-03-10 18:56:29 - models.observer - ERROR - Error while checking changes on page https://python.org: Redirect response '301 Moved Permanently' for url 'https://python.org'
Redirect location: 'https://www.python.org/'
For more information check: https://developer.mozilla.org/en-US/docs/Web/HTTP/Status/301
2025-03-10 18:56:30 - models.observer - ERROR - Error while checking changes on page https://news.ycombinator.com/newest: list index out of range
2025-03-10 18:56:30 - models.observer - ERROR - Error while checking changes on page https://reddit.com: Redirect response '301 Moved Permanently' for url 'https://reddit.com'
Redirect location: 'https://www.reddit.com/'
For more information check: https://developer.mozilla.org/en-US/docs/Web/HTTP/Status/301
2025-03-10 18:56:35 - models.observer - ERROR - Error while checking changes on page https://www.bbc.com/news/world/europe: 
2025-03-10 18:56:37 - models.observer - INFO - Change check completed.
2025-03-10 19:01:28 - models.observer - INFO - Starting change check...
2025-03-10 19:01:29 - models.observer - ERROR - Error while checking changes on page https://python.org: Redirect response '301 Moved Permanently' for url 'https://python.org'
Redirect location: 'https://www.python.org/'
For more information check: https://developer.mozilla.org/en-US/docs/Web/HTTP/Status/301
2025-03-10 19:01:29 - models.observer - INFO - Change detected on page https://github.blog/: old value 'Four steps toward building an open source community', new value 'Full exposure: A practical approach to handling sensitive data leaks'
2025-03-10 19:01:29 - models.observer - INFO - New news entry created for page https://github.blog/
2025-03-10 19:01:30 - models.observer - ERROR - Error while checking changes on page https://news.ycombinator.com/newest: list index out of range
2025-03-10 19:01:31 - models.observer - ERROR - Error while checking changes on page https://reddit.com: Redirect response '301 Moved Permanently' for url 'https://reddit.com'
Redirect location: 'https://www.reddit.com/'
For more information check: https://developer.mozilla.org/en-US/docs/Web/HTTP/Status/301
2025-03-10 19:01:36 - models.observer - ERROR - Error while checking changes on page https://www.bbc.com/news/world/europe: 
2025-03-10 19:01:37 - models.observer - INFO - Change check completed.
2025-03-10 19:03:38 - app.routers.admin_routes - DEBUG - Перед добавлением: logs=[], news=[]
2025-03-10 19:03:38 - app.routers.admin_routes - DEBUG - После фиксации: logs=[<db.models.Log object at 0x108817b50>, <db.models.Log object at 0x108815d50>, <db.models.Log object at 0x108815850>, <db.models.Log object at 0x1088173d0>, <db.models.Log object at 0x1088144d0>, <db.models.Log object at 0x108814550>, <db.models.Log object at 0x108817550>], news=[<db.models.News object at 0x108815cd0>, <db.models.News object at 0x1088162d0>, <db.models.News object at 0x108814d50>, <db.models.News object at 0x1088142d0>, <db.models.News object at 0x108814f50>, <db.models.News object at 0x108814a50>, <db.models.News object at 0x1088166d0>]
2025-03-10 19:11:36 - models.observer - INFO - Starting change check...
2025-03-10 19:11:37 - models.observer - INFO - Change detected on page https://example.com: old value 'None', new value 'Example Domain'
2025-03-10 19:11:37 - models.observer - INFO - New news entry created for page https://example.com
2025-03-10 19:11:37 - models.observer - ERROR - Error while checking changes on page https://python.org: Redirect response '301 Moved Permanently' for url 'https://python.org'
Redirect location: 'https://www.python.org/'
For more information check: https://developer.mozilla.org/en-US/docs/Web/HTTP/Status/301
2025-03-10 19:11:38 - models.observer - INFO - Change detected on page https://github.blog/: old value 'None', new value 'Full exposure: A practical approach to handling sensitive data leaks'
2025-03-10 19:11:38 - models.observer - INFO - New news entry created for page https://github.blog/
2025-03-10 19:11:38 - models.observer - INFO - Change detected on page https://www.fontanka.ru/: old value 'None', new value 'Цену платной парковки в Петербурге хотят менять в зависимости от загруженности'
2025-03-10 19:11:38 - models.observer - INFO - New news entry created for page https://www.fontanka.ru/
2025-03-10 19:11:39 - models.observer - INFO - Change detected on page https://lenta.ru/: old value 'None', new value 'Азербайджан отказал России в экстрадиции «золотой судьи». Ее задержали в Баку на пути в Дубай'
2025-03-10 19:11:39 - models.observer - INFO - New news entry created for page https://lenta.ru/
2025-03-10 19:11:39 - models.observer - INFO - Change check completed.
2025-03-10 19:12:24 - app.routers.admin_routes - DEBUG - Перед добавлением: logs=[], news=[]
2025-03-10 19:12:24 - app.routers.admin_routes - DEBUG - После фиксации: logs=[], news=[]
2025-03-10 19:25:49 - models.observer - INFO - Starting change check...
